2025-08-12 15:43:56,153 - __main__ - INFO - Starting Flask application...
2025-08-12 15:43:56,153 - __main__ - INFO - Available endpoints:
2025-08-12 15:43:56,153 - __main__ - INFO -   GET  /api/health - Health check
2025-08-12 15:43:56,153 - __main__ - INFO -   POST /api/auth - Authentication
2025-08-12 15:43:56,153 - __main__ - INFO -   POST /api/process-image - Main image processing
2025-08-12 15:43:56,153 - __main__ - INFO -   POST /api/generate-pdf - Generate PDF report
2025-08-12 15:43:56,153 - __main__ - INFO -   GET  /api/config - Get configuration
2025-08-12 15:43:56,153 - __main__ - INFO -   GET  /api/demo-images - List demo images
2025-08-12 15:43:56,153 - __main__ - INFO -   GET  /api/demo-image/<filename> - Get demo image
2025-08-12 15:43:56,238 - werkzeug - INFO - [31m[1mWARNING: This is a development server. Do not use it in a production deployment. Use a production WSGI server instead.[0m
 * Running on all addresses (0.0.0.0)
 * Running on http://127.0.0.1:5328
 * Running on http://192.168.18.14:5328
2025-08-12 15:43:56,238 - werkzeug - INFO - [33mPress CTRL+C to quit[0m
2025-08-12 15:43:56,239 - werkzeug - INFO -  * Restarting with stat
2025-08-12 15:43:57,004 - __main__ - INFO - Starting Flask application...
2025-08-12 15:43:57,004 - __main__ - INFO - Available endpoints:
2025-08-12 15:43:57,004 - __main__ - INFO -   GET  /api/health - Health check
2025-08-12 15:43:57,004 - __main__ - INFO -   POST /api/auth - Authentication
2025-08-12 15:43:57,004 - __main__ - INFO -   POST /api/process-image - Main image processing
2025-08-12 15:43:57,004 - __main__ - INFO -   POST /api/generate-pdf - Generate PDF report
2025-08-12 15:43:57,004 - __main__ - INFO -   GET  /api/config - Get configuration
2025-08-12 15:43:57,004 - __main__ - INFO -   GET  /api/demo-images - List demo images
2025-08-12 15:43:57,004 - __main__ - INFO -   GET  /api/demo-image/<filename> - Get demo image
2025-08-12 15:43:57,025 - werkzeug - WARNING -  * Debugger is active!
2025-08-12 15:43:57,033 - werkzeug - INFO -  * Debugger PIN: 104-554-437
2025-08-12 15:44:00,078 - werkzeug - INFO -  * Detected change in '/Users/lukamindek/Desktop/hair-follicle-app/hair-follicle-web/api/index.py', reloading
2025-08-12 15:44:00,188 - werkzeug - INFO -  * Restarting with stat
2025-08-12 15:44:00,813 - __main__ - INFO - Starting Flask application...
2025-08-12 15:44:00,813 - __main__ - INFO - Available endpoints:
2025-08-12 15:44:00,813 - __main__ - INFO -   GET  /api/health - Health check
2025-08-12 15:44:00,813 - __main__ - INFO -   POST /api/auth - Authentication
2025-08-12 15:44:00,813 - __main__ - INFO -   POST /api/process-image - Main image processing
2025-08-12 15:44:00,813 - __main__ - INFO -   POST /api/generate-pdf - Generate PDF report
2025-08-12 15:44:00,813 - __main__ - INFO -   GET  /api/config - Get configuration
2025-08-12 15:44:00,813 - __main__ - INFO -   GET  /api/demo-images - List demo images
2025-08-12 15:44:00,813 - __main__ - INFO -   GET  /api/demo-image/<filename> - Get demo image
2025-08-12 15:44:00,840 - werkzeug - WARNING -  * Debugger is active!
2025-08-12 15:44:00,846 - werkzeug - INFO -  * Debugger PIN: 104-554-437
2025-08-12 15:46:22,513 - werkzeug - INFO -  * Detected change in '/Users/lukamindek/Desktop/hair-follicle-app/hair-follicle-web/api/src/image_processor.py', reloading
2025-08-12 15:46:22,609 - werkzeug - INFO -  * Restarting with stat
2025-08-12 15:46:23,439 - __main__ - INFO - Starting Flask application...
2025-08-12 15:46:23,439 - __main__ - INFO - Available endpoints:
2025-08-12 15:46:23,439 - __main__ - INFO -   GET  /api/health - Health check
2025-08-12 15:46:23,439 - __main__ - INFO -   POST /api/auth - Authentication
2025-08-12 15:46:23,439 - __main__ - INFO -   POST /api/process-image - Main image processing
2025-08-12 15:46:23,439 - __main__ - INFO -   POST /api/generate-pdf - Generate PDF report
2025-08-12 15:46:23,439 - __main__ - INFO -   GET  /api/config - Get configuration
2025-08-12 15:46:23,439 - __main__ - INFO -   GET  /api/demo-images - List demo images
2025-08-12 15:46:23,439 - __main__ - INFO -   GET  /api/demo-image/<filename> - Get demo image
2025-08-12 15:46:23,468 - werkzeug - WARNING -  * Debugger is active!
2025-08-12 15:46:23,476 - werkzeug - INFO -  * Debugger PIN: 104-554-437
2025-08-12 15:46:32,594 - werkzeug - INFO -  * Detected change in '/Users/lukamindek/Desktop/hair-follicle-app/hair-follicle-web/api/src/image_processor.py', reloading
2025-08-12 15:46:32,769 - werkzeug - INFO -  * Restarting with stat
2025-08-12 15:46:33,584 - __main__ - INFO - Starting Flask application...
2025-08-12 15:46:33,584 - __main__ - INFO - Available endpoints:
2025-08-12 15:46:33,584 - __main__ - INFO -   GET  /api/health - Health check
2025-08-12 15:46:33,584 - __main__ - INFO -   POST /api/auth - Authentication
2025-08-12 15:46:33,584 - __main__ - INFO -   POST /api/process-image - Main image processing
2025-08-12 15:46:33,584 - __main__ - INFO -   POST /api/generate-pdf - Generate PDF report
2025-08-12 15:46:33,584 - __main__ - INFO -   GET  /api/config - Get configuration
2025-08-12 15:46:33,584 - __main__ - INFO -   GET  /api/demo-images - List demo images
2025-08-12 15:46:33,584 - __main__ - INFO -   GET  /api/demo-image/<filename> - Get demo image
2025-08-12 15:46:33,609 - werkzeug - WARNING -  * Debugger is active!
2025-08-12 15:46:33,619 - werkzeug - INFO -  * Debugger PIN: 104-554-437
